<?xml version="1.0" encoding="UTF-8"?>
<coverage generated="1709317300767" clover="3.2.0">
  <project timestamp="1709317300767" name="All files">
    <metrics statements="77" coveredstatements="66" conditionals="39" coveredconditionals="31" methods="17" coveredmethods="13" elements="133" coveredelements="110" complexity="0" loc="77" ncloc="77" packages="1" files="2" classes="2"/>
    <file name="gameboard.js" path="C:\Users\Никитина Юлия\Documents\VScode\battleship\src\gameboard.js">
      <metrics statements="53" coveredstatements="47" conditionals="29" coveredconditionals="24" methods="10" coveredmethods="8"/>
      <line num="5" count="5" type="stmt"/>
      <line num="6" count="5" type="stmt"/>
      <line num="7" count="5" type="stmt"/>
      <line num="8" count="50" type="stmt"/>
      <line num="13" count="0" type="stmt"/>
      <line num="17" count="4" type="stmt"/>
      <line num="21" count="6" type="cond" truecount="1" falsecount="1"/>
      <line num="25" count="0" type="stmt"/>
      <line num="28" count="6" type="cond" truecount="2" falsecount="0"/>
      <line num="29" count="4" type="stmt"/>
      <line num="30" count="14" type="stmt"/>
      <line num="33" count="2" type="stmt"/>
      <line num="34" count="6" type="stmt"/>
      <line num="37" count="6" type="stmt"/>
      <line num="41" count="2" type="cond" truecount="1" falsecount="1"/>
      <line num="42" count="2" type="stmt"/>
      <line num="43" count="6" type="stmt"/>
      <line num="46" count="0" type="stmt"/>
      <line num="47" count="0" type="stmt"/>
      <line num="53" count="2" type="stmt"/>
      <line num="54" count="2" type="stmt"/>
      <line num="55" count="2" type="stmt"/>
      <line num="56" count="2" type="stmt"/>
      <line num="60" count="30" type="cond" truecount="2" falsecount="0"/>
      <line num="61" count="22" type="stmt"/>
      <line num="62" count="22" type="stmt"/>
      <line num="64" count="8" type="stmt"/>
      <line num="65" count="8" type="cond" truecount="2" falsecount="0"/>
      <line num="66" count="2" type="stmt"/>
      <line num="68" count="8" type="stmt"/>
      <line num="72" count="2" type="stmt"/>
      <line num="73" count="2" type="stmt"/>
      <line num="74" count="2" type="stmt"/>
      <line num="75" count="8" type="cond" truecount="1" falsecount="1"/>
      <line num="76" count="8" type="stmt"/>
      <line num="80" count="0" type="cond" truecount="0" falsecount="2"/>
      <line num="81" count="0" type="stmt"/>
      <line num="86" count="8" type="stmt"/>
      <line num="87" count="22" type="stmt"/>
      <line num="89" count="8" type="stmt"/>
      <line num="94" count="8" type="stmt"/>
      <line num="95" count="8" type="stmt"/>
      <line num="96" count="8" type="stmt"/>
      <line num="97" count="8" type="stmt"/>
      <line num="98" count="24" type="stmt"/>
      <line num="99" count="72" type="cond" truecount="2" falsecount="0"/>
      <line num="106" count="50" type="cond" truecount="2" falsecount="0"/>
      <line num="107" count="22" type="stmt"/>
      <line num="108" count="28" type="cond" truecount="2" falsecount="0"/>
      <line num="109" count="19" type="stmt"/>
      <line num="111" count="9" type="stmt"/>
      <line num="116" count="8" type="stmt"/>
      <line num="117" count="8" type="stmt"/>
    </file>
    <file name="ship.js" path="C:\Users\Никитина Юлия\Documents\VScode\battleship\src\ship.js">
      <metrics statements="24" coveredstatements="19" conditionals="10" coveredconditionals="7" methods="7" coveredmethods="5"/>
      <line num="3" count="9" type="stmt"/>
      <line num="4" count="9" type="stmt"/>
      <line num="5" count="9" type="cond" truecount="3" falsecount="1"/>
      <line num="6" count="0" type="stmt"/>
      <line num="8" count="9" type="stmt"/>
      <line num="9" count="9" type="stmt"/>
      <line num="10" count="9" type="stmt"/>
      <line num="11" count="9" type="stmt"/>
      <line num="12" count="9" type="stmt"/>
      <line num="13" count="9" type="stmt"/>
      <line num="14" count="9" type="stmt"/>
      <line num="18" count="2" type="stmt"/>
      <line num="22" count="0" type="stmt"/>
      <line num="26" count="0" type="stmt"/>
      <line num="30" count="11" type="cond" truecount="1" falsecount="1"/>
      <line num="31" count="11" type="stmt"/>
      <line num="32" count="11" type="stmt"/>
      <line num="34" count="0" type="stmt"/>
      <line num="37" count="11" type="cond" truecount="2" falsecount="0"/>
      <line num="38" count="4" type="stmt"/>
      <line num="43" count="2" type="cond" truecount="1" falsecount="1"/>
      <line num="44" count="2" type="stmt"/>
      <line num="46" count="0" type="stmt"/>
      <line num="51" count="11" type="stmt"/>
    </file>
  </project>
</coverage>
