<?xml version="1.0" encoding="UTF-8"?>
<coverage generated="1709825235820" clover="3.2.0">
  <project timestamp="1709825235820" name="All files">
    <metrics statements="212" coveredstatements="151" conditionals="88" coveredconditionals="60" methods="48" coveredmethods="30" elements="348" coveredelements="241" complexity="0" loc="212" ncloc="212" packages="1" files="4" classes="4"/>
    <file name="gameboard.js" path="C:\Users\Никитина Юлия\Documents\VScode\battleship\src\gameboard.js">
      <metrics statements="98" coveredstatements="87" conditionals="53" coveredconditionals="43" methods="18" coveredmethods="17"/>
      <line num="5" count="20" type="stmt"/>
      <line num="6" count="20" type="stmt"/>
      <line num="7" count="20" type="stmt"/>
      <line num="8" count="200" type="stmt"/>
      <line num="13" count="27" type="stmt"/>
      <line num="14" count="30" type="stmt"/>
      <line num="16" count="27" type="stmt"/>
      <line num="20" count="30" type="stmt"/>
      <line num="21" count="225" type="cond" truecount="2" falsecount="0"/>
      <line num="25" count="30" type="stmt"/>
      <line num="29" count="30" type="stmt"/>
      <line num="32" count="6" type="stmt"/>
      <line num="35" count="0" type="stmt"/>
      <line num="40" count="45" type="stmt"/>
      <line num="41" count="45" type="cond" truecount="2" falsecount="0"/>
      <line num="42" count="18" type="stmt"/>
      <line num="44" count="27" type="cond" truecount="2" falsecount="0"/>
      <line num="46" count="22" type="cond" truecount="2" falsecount="0"/>
      <line num="47" count="1" type="stmt"/>
      <line num="49" count="21" type="stmt"/>
      <line num="50" count="61" type="stmt"/>
      <line num="55" count="5" type="cond" truecount="1" falsecount="1"/>
      <line num="56" count="0" type="stmt"/>
      <line num="58" count="5" type="stmt"/>
      <line num="59" count="14" type="stmt"/>
      <line num="65" count="26" type="stmt"/>
      <line num="66" count="26" type="stmt"/>
      <line num="67" count="77" type="stmt"/>
      <line num="70" count="26" type="cond" truecount="1" falsecount="1"/>
      <line num="71" count="0" type="stmt"/>
      <line num="72" count="0" type="stmt"/>
      <line num="74" count="26" type="cond" truecount="2" falsecount="0"/>
      <line num="75" count="21" type="stmt"/>
      <line num="76" count="61" type="stmt"/>
      <line num="78" count="5" type="cond" truecount="1" falsecount="1"/>
      <line num="79" count="5" type="stmt"/>
      <line num="80" count="14" type="stmt"/>
      <line num="84" count="26" type="stmt"/>
      <line num="85" count="26" type="stmt"/>
      <line num="88" count="122" type="stmt"/>
      <line num="90" count="122" type="stmt"/>
      <line num="92" count="122" type="cond" truecount="2" falsecount="0"/>
      <line num="94" count="18" type="stmt"/>
      <line num="97" count="18" type="stmt"/>
      <line num="99" count="104" type="stmt"/>
      <line num="104" count="1" type="cond" truecount="1" falsecount="1"/>
      <line num="105" count="1" type="stmt"/>
      <line num="106" count="2" type="stmt"/>
      <line num="109" count="0" type="stmt"/>
      <line num="110" count="0" type="stmt"/>
      <line num="116" count="1" type="stmt"/>
      <line num="117" count="1" type="stmt"/>
      <line num="118" count="1" type="stmt"/>
      <line num="119" count="1" type="stmt"/>
      <line num="123" count="28" type="cond" truecount="1" falsecount="1"/>
      <line num="124" count="0" type="stmt"/>
      <line num="126" count="28" type="cond" truecount="2" falsecount="0"/>
      <line num="127" count="18" type="stmt"/>
      <line num="128" count="18" type="stmt"/>
      <line num="130" count="10" type="stmt"/>
      <line num="132" count="10" type="cond" truecount="2" falsecount="0"/>
      <line num="133" count="3" type="stmt"/>
      <line num="136" count="10" type="stmt"/>
      <line num="140" count="3" type="stmt"/>
      <line num="141" count="3" type="stmt"/>
      <line num="142" count="3" type="stmt"/>
      <line num="143" count="9" type="cond" truecount="1" falsecount="1"/>
      <line num="144" count="9" type="stmt"/>
      <line num="148" count="0" type="cond" truecount="0" falsecount="2"/>
      <line num="149" count="0" type="stmt"/>
      <line num="154" count="9" type="stmt"/>
      <line num="155" count="17" type="stmt"/>
      <line num="161" count="131" type="stmt"/>
      <line num="162" count="131" type="stmt"/>
      <line num="163" count="131" type="stmt"/>
      <line num="164" count="131" type="stmt"/>
      <line num="165" count="393" type="stmt"/>
      <line num="166" count="1179" type="cond" truecount="2" falsecount="0"/>
      <line num="173" count="678" type="cond" truecount="2" falsecount="0"/>
      <line num="174" count="627" type="stmt"/>
      <line num="175" count="51" type="cond" truecount="2" falsecount="0"/>
      <line num="176" count="12" type="stmt"/>
      <line num="178" count="39" type="stmt"/>
      <line num="184" count="131" type="stmt"/>
      <line num="187" count="2" type="stmt"/>
      <line num="188" count="11" type="stmt"/>
      <line num="189" count="101" type="cond" truecount="4" falsecount="0"/>
      <line num="190" count="1" type="stmt"/>
      <line num="194" count="1" type="stmt"/>
      <line num="198" count="1" type="stmt"/>
      <line num="199" count="1" type="stmt"/>
      <line num="200" count="10" type="stmt"/>
      <line num="201" count="100" type="cond" truecount="2" falsecount="0"/>
      <line num="202" count="20" type="stmt"/>
      <line num="206" count="1" type="cond" truecount="1" falsecount="1"/>
      <line num="207" count="1" type="stmt"/>
      <line num="209" count="0" type="stmt"/>
      <line num="210" count="0" type="stmt"/>
    </file>
    <file name="gamelogic.js" path="C:\Users\Никитина Юлия\Documents\VScode\battleship\src\gamelogic.js">
      <metrics statements="63" coveredstatements="24" conditionals="18" coveredconditionals="4" methods="13" coveredmethods="3"/>
      <line num="8" count="2" type="stmt"/>
      <line num="9" count="2" type="stmt"/>
      <line num="11" count="2" type="stmt"/>
      <line num="14" count="1" type="stmt"/>
      <line num="15" count="1" type="stmt"/>
      <line num="16" count="1" type="stmt"/>
      <line num="17" count="1" type="stmt"/>
      <line num="18" count="1" type="stmt"/>
      <line num="19" count="10" type="stmt"/>
      <line num="20" count="10" type="stmt"/>
      <line num="21" count="10" type="cond" truecount="2" falsecount="0"/>
      <line num="22" count="27" type="stmt"/>
      <line num="24" count="27" type="cond" truecount="2" falsecount="0"/>
      <line num="25" count="10" type="stmt"/>
      <line num="26" count="10" type="stmt"/>
      <line num="27" count="10" type="stmt"/>
      <line num="29" count="17" type="stmt"/>
      <line num="30" count="17" type="stmt"/>
      <line num="31" count="17" type="stmt"/>
      <line num="32" count="17" type="stmt"/>
      <line num="33" count="17" type="stmt"/>
      <line num="34" count="17" type="stmt"/>
      <line num="39" count="1" type="stmt"/>
      <line num="42" count="0" type="stmt"/>
      <line num="46" count="1" type="stmt"/>
      <line num="49" count="0" type="stmt"/>
      <line num="52" count="0" type="stmt"/>
      <line num="53" count="0" type="stmt"/>
      <line num="55" count="0" type="stmt"/>
      <line num="56" count="0" type="stmt"/>
      <line num="57" count="0" type="stmt"/>
      <line num="58" count="0" type="stmt"/>
      <line num="60" count="0" type="stmt"/>
      <line num="65" count="0" type="cond" truecount="0" falsecount="2"/>
      <line num="68" count="0" type="cond" truecount="0" falsecount="2"/>
      <line num="69" count="0" type="stmt"/>
      <line num="70" count="0" type="stmt"/>
      <line num="71" count="0" type="cond" truecount="0" falsecount="2"/>
      <line num="72" count="0" type="stmt"/>
      <line num="73" count="0" type="stmt"/>
      <line num="75" count="0" type="stmt"/>
      <line num="79" count="0" type="stmt"/>
      <line num="80" count="0" type="stmt"/>
      <line num="83" count="0" type="stmt"/>
      <line num="84" count="0" type="stmt"/>
      <line num="85" count="0" type="stmt"/>
      <line num="86" count="0" type="cond" truecount="0" falsecount="2"/>
      <line num="87" count="0" type="stmt"/>
      <line num="90" count="0" type="cond" truecount="0" falsecount="2"/>
      <line num="92" count="0" type="stmt"/>
      <line num="93" count="0" type="stmt"/>
      <line num="95" count="0" type="cond" truecount="0" falsecount="2"/>
      <line num="96" count="0" type="stmt"/>
      <line num="97" count="0" type="stmt"/>
      <line num="101" count="0" type="stmt"/>
      <line num="107" count="0" type="stmt"/>
      <line num="108" count="0" type="stmt"/>
      <line num="109" count="0" type="cond" truecount="0" falsecount="2"/>
      <line num="110" count="0" type="stmt"/>
      <line num="111" count="0" type="stmt"/>
      <line num="113" count="0" type="stmt"/>
      <line num="117" count="0" type="stmt"/>
      <line num="118" count="0" type="stmt"/>
    </file>
    <file name="player.js" path="C:\Users\Никитина Юлия\Documents\VScode\battleship\src\player.js">
      <metrics statements="23" coveredstatements="19" conditionals="2" coveredconditionals="2" methods="9" coveredmethods="5"/>
      <line num="5" count="6" type="stmt"/>
      <line num="6" count="6" type="stmt"/>
      <line num="7" count="6" type="stmt"/>
      <line num="8" count="6" type="stmt"/>
      <line num="9" count="6" type="stmt"/>
      <line num="13" count="55" type="stmt"/>
      <line num="16" count="0" type="stmt"/>
      <line num="21" count="0" type="stmt"/>
      <line num="25" count="0" type="stmt"/>
      <line num="28" count="12" type="cond" truecount="2" falsecount="0"/>
      <line num="31" count="2" type="stmt"/>
      <line num="32" count="2" type="stmt"/>
      <line num="33" count="2" type="stmt"/>
      <line num="34" count="2" type="stmt"/>
      <line num="35" count="2" type="stmt"/>
      <line num="36" count="2" type="stmt"/>
      <line num="37" count="2" type="stmt"/>
      <line num="38" count="2" type="stmt"/>
      <line num="39" count="2" type="stmt"/>
      <line num="40" count="2" type="stmt"/>
      <line num="42" count="2" type="stmt"/>
      <line num="46" count="1" type="stmt"/>
      <line num="49" count="0" type="stmt"/>
    </file>
    <file name="ship.js" path="C:\Users\Никитина Юлия\Documents\VScode\battleship\src\ship.js">
      <metrics statements="28" coveredstatements="21" conditionals="15" coveredconditionals="11" methods="8" coveredmethods="5"/>
      <line num="3" count="42" type="stmt"/>
      <line num="4" count="42" type="stmt"/>
      <line num="5" count="42" type="cond" truecount="3" falsecount="1"/>
      <line num="6" count="0" type="stmt"/>
      <line num="8" count="42" type="stmt"/>
      <line num="9" count="42" type="stmt"/>
      <line num="10" count="42" type="stmt"/>
      <line num="11" count="42" type="stmt"/>
      <line num="12" count="42" type="stmt"/>
      <line num="13" count="42" type="stmt"/>
      <line num="14" count="42" type="stmt"/>
      <line num="18" count="3" type="stmt"/>
      <line num="22" count="0" type="stmt"/>
      <line num="26" count="0" type="stmt"/>
      <line num="29" count="0" type="stmt"/>
      <line num="32" count="13" type="stmt"/>
      <line num="33" count="12" type="cond" truecount="3" falsecount="1"/>
      <line num="34" count="0" type="stmt"/>
      <line num="38" count="13" type="cond" truecount="1" falsecount="1"/>
      <line num="39" count="13" type="stmt"/>
      <line num="40" count="13" type="stmt"/>
      <line num="42" count="0" type="stmt"/>
      <line num="45" count="13" type="cond" truecount="2" falsecount="0"/>
      <line num="46" count="5" type="stmt"/>
      <line num="51" count="1" type="cond" truecount="1" falsecount="1"/>
      <line num="52" count="1" type="stmt"/>
      <line num="54" count="0" type="stmt"/>
      <line num="59" count="19" type="stmt"/>
    </file>
  </project>
</coverage>
