{"C:\\Users\\Никитина Юлия\\Documents\\VScode\\battleship\\src\\gameboard.js": {"path":"C:\\Users\\Никитина Юлия\\Documents\\VScode\\battleship\\src\\gameboard.js","statementMap":{"0":{"start":{"line":5,"column":4},"end":{"line":5,"column":19}},"1":{"start":{"line":6,"column":4},"end":{"line":6,"column":20}},"2":{"start":{"line":7,"column":4},"end":{"line":9,"column":5}},"3":{"start":{"line":7,"column":17},"end":{"line":7,"column":18}},"4":{"start":{"line":8,"column":6},"end":{"line":8,"column":51}},"5":{"start":{"line":13,"column":4},"end":{"line":13,"column":22}},"6":{"start":{"line":17,"column":4},"end":{"line":17,"column":41}},"7":{"start":{"line":19,"column":4},"end":{"line":24,"column":5}},"8":{"start":{"line":23,"column":6},"end":{"line":23,"column":47}},"9":{"start":{"line":26,"column":4},"end":{"line":32,"column":5}},"10":{"start":{"line":26,"column":17},"end":{"line":26,"column":18}},"11":{"start":{"line":28,"column":8},"end":{"line":28,"column":55}},"12":{"start":{"line":29,"column":6},"end":{"line":31,"column":7}},"13":{"start":{"line":30,"column":8},"end":{"line":30,"column":47}},"14":{"start":{"line":34,"column":4},"end":{"line":42,"column":5}},"15":{"start":{"line":35,"column":6},"end":{"line":37,"column":7}},"16":{"start":{"line":35,"column":19},"end":{"line":35,"column":20}},"17":{"start":{"line":36,"column":8},"end":{"line":36,"column":72}},"18":{"start":{"line":39,"column":6},"end":{"line":41,"column":7}},"19":{"start":{"line":39,"column":19},"end":{"line":39,"column":20}},"20":{"start":{"line":40,"column":8},"end":{"line":40,"column":72}},"21":{"start":{"line":43,"column":4},"end":{"line":43,"column":37}},"22":{"start":{"line":44,"column":4},"end":{"line":44,"column":31}},"23":{"start":{"line":45,"column":4},"end":{"line":45,"column":28}},"24":{"start":{"line":49,"column":4},"end":{"line":57,"column":5}},"25":{"start":{"line":50,"column":6},"end":{"line":52,"column":7}},"26":{"start":{"line":50,"column":19},"end":{"line":50,"column":20}},"27":{"start":{"line":51,"column":8},"end":{"line":51,"column":69}},"28":{"start":{"line":54,"column":6},"end":{"line":56,"column":7}},"29":{"start":{"line":54,"column":19},"end":{"line":54,"column":20}},"30":{"start":{"line":55,"column":8},"end":{"line":55,"column":69}},"31":{"start":{"line":62,"column":17},"end":{"line":62,"column":53}},"32":{"start":{"line":63,"column":4},"end":{"line":63,"column":36}},"33":{"start":{"line":64,"column":4},"end":{"line":64,"column":18}},"34":{"start":{"line":65,"column":4},"end":{"line":65,"column":35}},"35":{"start":{"line":69,"column":4},"end":{"line":72,"column":5}},"36":{"start":{"line":70,"column":6},"end":{"line":70,"column":52}},"37":{"start":{"line":71,"column":6},"end":{"line":71,"column":19}},"38":{"start":{"line":73,"column":4},"end":{"line":73,"column":55}},"39":{"start":{"line":75,"column":4},"end":{"line":77,"column":5}},"40":{"start":{"line":76,"column":6},"end":{"line":76,"column":73}},"41":{"start":{"line":79,"column":4},"end":{"line":79,"column":16}},"42":{"start":{"line":83,"column":17},"end":{"line":83,"column":53}},"43":{"start":{"line":84,"column":28},"end":{"line":84,"column":30}},"44":{"start":{"line":85,"column":4},"end":{"line":100,"column":5}},"45":{"start":{"line":85,"column":17},"end":{"line":85,"column":18}},"46":{"start":{"line":86,"column":6},"end":{"line":96,"column":7}},"47":{"start":{"line":87,"column":8},"end":{"line":90,"column":11}},"48":{"start":{"line":91,"column":13},"end":{"line":96,"column":7}},"49":{"start":{"line":92,"column":8},"end":{"line":95,"column":11}},"50":{"start":{"line":97,"column":6},"end":{"line":99,"column":7}},"51":{"start":{"line":97,"column":19},"end":{"line":97,"column":20}},"52":{"start":{"line":98,"column":8},"end":{"line":98,"column":52}},"53":{"start":{"line":104,"column":26},"end":{"line":104,"column":28}},"54":{"start":{"line":105,"column":26},"end":{"line":105,"column":28}},"55":{"start":{"line":106,"column":26},"end":{"line":106,"column":28}},"56":{"start":{"line":107,"column":4},"end":{"line":125,"column":5}},"57":{"start":{"line":107,"column":17},"end":{"line":107,"column":19}},"58":{"start":{"line":108,"column":6},"end":{"line":124,"column":7}},"59":{"start":{"line":108,"column":19},"end":{"line":108,"column":21}},"60":{"start":{"line":109,"column":8},"end":{"line":123,"column":9}},"61":{"start":{"line":116,"column":10},"end":{"line":122,"column":11}},"62":{"start":{"line":117,"column":12},"end":{"line":117,"column":67}},"63":{"start":{"line":118,"column":17},"end":{"line":122,"column":11}},"64":{"start":{"line":119,"column":12},"end":{"line":119,"column":67}},"65":{"start":{"line":121,"column":12},"end":{"line":121,"column":67}},"66":{"start":{"line":127,"column":4},"end":{"line":127,"column":57}},"67":{"start":{"line":130,"column":4},"end":{"line":136,"column":5}},"68":{"start":{"line":131,"column":6},"end":{"line":135,"column":7}},"69":{"start":{"line":132,"column":8},"end":{"line":134,"column":9}},"70":{"start":{"line":133,"column":10},"end":{"line":133,"column":23}},"71":{"start":{"line":137,"column":4},"end":{"line":137,"column":16}}},"fnMap":{"0":{"name":"(anonymous_0)","decl":{"start":{"line":4,"column":2},"end":{"line":4,"column":3}},"loc":{"start":{"line":4,"column":16},"end":{"line":10,"column":3}},"line":4},"1":{"name":"(anonymous_1)","decl":{"start":{"line":12,"column":2},"end":{"line":12,"column":3}},"loc":{"start":{"line":12,"column":13},"end":{"line":14,"column":3}},"line":12},"2":{"name":"(anonymous_2)","decl":{"start":{"line":16,"column":2},"end":{"line":16,"column":3}},"loc":{"start":{"line":16,"column":36},"end":{"line":46,"column":3}},"line":16},"3":{"name":"(anonymous_3)","decl":{"start":{"line":48,"column":2},"end":{"line":48,"column":3}},"loc":{"start":{"line":48,"column":37},"end":{"line":58,"column":3}},"line":48},"4":{"name":"(anonymous_4)","decl":{"start":{"line":60,"column":2},"end":{"line":60,"column":3}},"loc":{"start":{"line":60,"column":23},"end":{"line":66,"column":3}},"line":60},"5":{"name":"(anonymous_5)","decl":{"start":{"line":68,"column":2},"end":{"line":68,"column":3}},"loc":{"start":{"line":68,"column":26},"end":{"line":80,"column":3}},"line":68},"6":{"name":"(anonymous_6)","decl":{"start":{"line":82,"column":2},"end":{"line":82,"column":3}},"loc":{"start":{"line":82,"column":27},"end":{"line":101,"column":3}},"line":82},"7":{"name":"(anonymous_7)","decl":{"start":{"line":103,"column":2},"end":{"line":103,"column":3}},"loc":{"start":{"line":103,"column":34},"end":{"line":128,"column":3}},"line":103},"8":{"name":"(anonymous_8)","decl":{"start":{"line":129,"column":2},"end":{"line":129,"column":3}},"loc":{"start":{"line":129,"column":20},"end":{"line":138,"column":3}},"line":129}},"branchMap":{"0":{"loc":{"start":{"line":19,"column":4},"end":{"line":24,"column":5}},"type":"if","locations":[{"start":{"line":19,"column":4},"end":{"line":24,"column":5}},{"start":{},"end":{}}],"line":19},"1":{"loc":{"start":{"line":20,"column":6},"end":{"line":21,"column":51}},"type":"binary-expr","locations":[{"start":{"line":20,"column":6},"end":{"line":20,"column":51}},{"start":{"line":21,"column":6},"end":{"line":21,"column":51}}],"line":20},"2":{"loc":{"start":{"line":29,"column":6},"end":{"line":31,"column":7}},"type":"if","locations":[{"start":{"line":29,"column":6},"end":{"line":31,"column":7}},{"start":{},"end":{}}],"line":29},"3":{"loc":{"start":{"line":34,"column":4},"end":{"line":42,"column":5}},"type":"if","locations":[{"start":{"line":34,"column":4},"end":{"line":42,"column":5}},{"start":{"line":38,"column":11},"end":{"line":42,"column":5}}],"line":34},"4":{"loc":{"start":{"line":49,"column":4},"end":{"line":57,"column":5}},"type":"if","locations":[{"start":{"line":49,"column":4},"end":{"line":57,"column":5}},{"start":{"line":53,"column":11},"end":{"line":57,"column":5}}],"line":49},"5":{"loc":{"start":{"line":69,"column":4},"end":{"line":72,"column":5}},"type":"if","locations":[{"start":{"line":69,"column":4},"end":{"line":72,"column":5}},{"start":{},"end":{}}],"line":69},"6":{"loc":{"start":{"line":75,"column":4},"end":{"line":77,"column":5}},"type":"if","locations":[{"start":{"line":75,"column":4},"end":{"line":77,"column":5}},{"start":{},"end":{}}],"line":75},"7":{"loc":{"start":{"line":86,"column":6},"end":{"line":96,"column":7}},"type":"if","locations":[{"start":{"line":86,"column":6},"end":{"line":96,"column":7}},{"start":{"line":91,"column":13},"end":{"line":96,"column":7}}],"line":86},"8":{"loc":{"start":{"line":91,"column":13},"end":{"line":96,"column":7}},"type":"if","locations":[{"start":{"line":91,"column":13},"end":{"line":96,"column":7}},{"start":{},"end":{}}],"line":91},"9":{"loc":{"start":{"line":109,"column":8},"end":{"line":123,"column":9}},"type":"if","locations":[{"start":{"line":109,"column":8},"end":{"line":123,"column":9}},{"start":{},"end":{}}],"line":109},"10":{"loc":{"start":{"line":110,"column":10},"end":{"line":114,"column":31}},"type":"binary-expr","locations":[{"start":{"line":110,"column":10},"end":{"line":110,"column":30}},{"start":{"line":111,"column":10},"end":{"line":111,"column":37}},{"start":{"line":112,"column":10},"end":{"line":112,"column":30}},{"start":{"line":113,"column":10},"end":{"line":113,"column":37}},{"start":{"line":114,"column":10},"end":{"line":114,"column":31}}],"line":110},"11":{"loc":{"start":{"line":114,"column":12},"end":{"line":114,"column":30}},"type":"binary-expr","locations":[{"start":{"line":114,"column":12},"end":{"line":114,"column":19}},{"start":{"line":114,"column":23},"end":{"line":114,"column":30}}],"line":114},"12":{"loc":{"start":{"line":116,"column":10},"end":{"line":122,"column":11}},"type":"if","locations":[{"start":{"line":116,"column":10},"end":{"line":122,"column":11}},{"start":{"line":118,"column":17},"end":{"line":122,"column":11}}],"line":116},"13":{"loc":{"start":{"line":118,"column":17},"end":{"line":122,"column":11}},"type":"if","locations":[{"start":{"line":118,"column":17},"end":{"line":122,"column":11}},{"start":{"line":120,"column":17},"end":{"line":122,"column":11}}],"line":118},"14":{"loc":{"start":{"line":132,"column":8},"end":{"line":134,"column":9}},"type":"if","locations":[{"start":{"line":132,"column":8},"end":{"line":134,"column":9}},{"start":{},"end":{}}],"line":132},"15":{"loc":{"start":{"line":132,"column":12},"end":{"line":132,"column":50}},"type":"binary-expr","locations":[{"start":{"line":132,"column":12},"end":{"line":132,"column":32}},{"start":{"line":132,"column":36},"end":{"line":132,"column":50}}],"line":132}},"s":{"0":9,"1":9,"2":9,"3":9,"4":90,"5":11,"6":11,"7":11,"8":0,"9":11,"10":11,"11":34,"12":34,"13":1,"14":10,"15":8,"16":8,"17":27,"18":2,"19":2,"20":6,"21":10,"22":10,"23":10,"24":2,"25":2,"26":2,"27":6,"28":0,"29":0,"30":0,"31":2,"32":2,"33":2,"34":2,"35":54,"36":37,"37":37,"38":17,"39":17,"40":5,"41":17,"42":5,"43":5,"44":5,"45":5,"46":17,"47":13,"48":4,"49":4,"50":17,"51":17,"52":37,"53":51,"54":51,"55":51,"56":51,"57":51,"58":153,"59":153,"60":459,"61":237,"62":181,"63":56,"64":30,"65":26,"66":51,"67":2,"68":11,"69":101,"70":1,"71":1},"f":{"0":9,"1":11,"2":11,"3":2,"4":2,"5":54,"6":5,"7":51,"8":2},"b":{"0":[0,11],"1":[11,11],"2":[1,33],"3":[8,2],"4":[2,0],"5":[37,17],"6":[5,12],"7":[13,4],"8":[4,0],"9":[237,222],"10":[459,351,351,288,288],"11":[288,123],"12":[181,56],"13":[30,26],"14":[1,100],"15":[101,6]},"_coverageSchema":"1a1c01bbd47fc00a2c39e90264f33305004495a9","hash":"978508d918d06e3077c6e0c469596460155b9c5b"}
,"C:\\Users\\Никитина Юлия\\Documents\\VScode\\battleship\\src\\ship.js": {"path":"C:\\Users\\Никитина Юлия\\Documents\\VScode\\battleship\\src\\ship.js","statementMap":{"0":{"start":{"line":3,"column":22},"end":{"line":3,"column":23}},"1":{"start":{"line":4,"column":22},"end":{"line":4,"column":23}},"2":{"start":{"line":5,"column":4},"end":{"line":7,"column":5}},"3":{"start":{"line":6,"column":6},"end":{"line":6,"column":78}},"4":{"start":{"line":8,"column":4},"end":{"line":8,"column":22}},"5":{"start":{"line":9,"column":4},"end":{"line":9,"column":25}},"6":{"start":{"line":10,"column":4},"end":{"line":10,"column":19}},"7":{"start":{"line":11,"column":4},"end":{"line":11,"column":23}},"8":{"start":{"line":12,"column":4},"end":{"line":12,"column":37}},"9":{"start":{"line":13,"column":4},"end":{"line":13,"column":36}},"10":{"start":{"line":14,"column":4},"end":{"line":14,"column":23}},"11":{"start":{"line":18,"column":4},"end":{"line":18,"column":42}},"12":{"start":{"line":22,"column":4},"end":{"line":22,"column":23}},"13":{"start":{"line":26,"column":4},"end":{"line":26,"column":28}},"14":{"start":{"line":30,"column":4},"end":{"line":35,"column":5}},"15":{"start":{"line":31,"column":6},"end":{"line":31,"column":31}},"16":{"start":{"line":32,"column":6},"end":{"line":32,"column":23}},"17":{"start":{"line":34,"column":6},"end":{"line":34,"column":60}},"18":{"start":{"line":37,"column":4},"end":{"line":39,"column":5}},"19":{"start":{"line":38,"column":6},"end":{"line":38,"column":23}},"20":{"start":{"line":43,"column":4},"end":{"line":47,"column":5}},"21":{"start":{"line":44,"column":6},"end":{"line":44,"column":36}},"22":{"start":{"line":46,"column":6},"end":{"line":46,"column":38}},"23":{"start":{"line":51,"column":4},"end":{"line":51,"column":21}}},"fnMap":{"0":{"name":"(anonymous_0)","decl":{"start":{"line":2,"column":2},"end":{"line":2,"column":3}},"loc":{"start":{"line":2,"column":22},"end":{"line":15,"column":3}},"line":2},"1":{"name":"(anonymous_1)","decl":{"start":{"line":17,"column":2},"end":{"line":17,"column":3}},"loc":{"start":{"line":17,"column":14},"end":{"line":19,"column":3}},"line":17},"2":{"name":"(anonymous_2)","decl":{"start":{"line":21,"column":2},"end":{"line":21,"column":3}},"loc":{"start":{"line":21,"column":14},"end":{"line":23,"column":3}},"line":21},"3":{"name":"(anonymous_3)","decl":{"start":{"line":25,"column":2},"end":{"line":25,"column":3}},"loc":{"start":{"line":25,"column":19},"end":{"line":27,"column":3}},"line":25},"4":{"name":"(anonymous_4)","decl":{"start":{"line":29,"column":2},"end":{"line":29,"column":3}},"loc":{"start":{"line":29,"column":16},"end":{"line":40,"column":3}},"line":29},"5":{"name":"(anonymous_5)","decl":{"start":{"line":42,"column":2},"end":{"line":42,"column":3}},"loc":{"start":{"line":42,"column":11},"end":{"line":48,"column":3}},"line":42},"6":{"name":"(anonymous_6)","decl":{"start":{"line":50,"column":2},"end":{"line":50,"column":3}},"loc":{"start":{"line":50,"column":11},"end":{"line":52,"column":3}},"line":50}},"branchMap":{"0":{"loc":{"start":{"line":5,"column":4},"end":{"line":7,"column":5}},"type":"if","locations":[{"start":{"line":5,"column":4},"end":{"line":7,"column":5}},{"start":{},"end":{}}],"line":5},"1":{"loc":{"start":{"line":5,"column":8},"end":{"line":5,"column":48}},"type":"binary-expr","locations":[{"start":{"line":5,"column":8},"end":{"line":5,"column":26}},{"start":{"line":5,"column":30},"end":{"line":5,"column":48}}],"line":5},"2":{"loc":{"start":{"line":30,"column":4},"end":{"line":35,"column":5}},"type":"if","locations":[{"start":{"line":30,"column":4},"end":{"line":35,"column":5}},{"start":{"line":33,"column":11},"end":{"line":35,"column":5}}],"line":30},"3":{"loc":{"start":{"line":37,"column":4},"end":{"line":39,"column":5}},"type":"if","locations":[{"start":{"line":37,"column":4},"end":{"line":39,"column":5}},{"start":{},"end":{}}],"line":37},"4":{"loc":{"start":{"line":43,"column":4},"end":{"line":47,"column":5}},"type":"if","locations":[{"start":{"line":43,"column":4},"end":{"line":47,"column":5}},{"start":{"line":45,"column":11},"end":{"line":47,"column":5}}],"line":43}},"s":{"0":14,"1":14,"2":14,"3":0,"4":14,"5":14,"6":14,"7":14,"8":14,"9":14,"10":14,"11":2,"12":0,"13":0,"14":20,"15":20,"16":20,"17":0,"18":20,"19":7,"20":2,"21":2,"22":0,"23":27},"f":{"0":14,"1":2,"2":0,"3":0,"4":20,"5":2,"6":27},"b":{"0":[0,14],"1":[14,14],"2":[20,0],"3":[7,13],"4":[2,0]},"_coverageSchema":"1a1c01bbd47fc00a2c39e90264f33305004495a9","hash":"5ba1414d0b6e245fd188984a15afa15964a71881"}
}
