{"C:\\Users\\Никитина Юлия\\Documents\\VScode\\battleship\\src\\gameboard.js": {"path":"C:\\Users\\Никитина Юлия\\Documents\\VScode\\battleship\\src\\gameboard.js","statementMap":{"0":{"start":{"line":5,"column":4},"end":{"line":5,"column":19}},"1":{"start":{"line":6,"column":4},"end":{"line":6,"column":20}},"2":{"start":{"line":7,"column":4},"end":{"line":9,"column":5}},"3":{"start":{"line":7,"column":17},"end":{"line":7,"column":18}},"4":{"start":{"line":8,"column":6},"end":{"line":8,"column":51}},"5":{"start":{"line":13,"column":4},"end":{"line":13,"column":67}},"6":{"start":{"line":13,"column":40},"end":{"line":13,"column":53}},"7":{"start":{"line":17,"column":4},"end":{"line":17,"column":22}},"8":{"start":{"line":21,"column":4},"end":{"line":26,"column":5}},"9":{"start":{"line":25,"column":6},"end":{"line":25,"column":47}},"10":{"start":{"line":28,"column":4},"end":{"line":36,"column":5}},"11":{"start":{"line":29,"column":6},"end":{"line":31,"column":7}},"12":{"start":{"line":29,"column":19},"end":{"line":29,"column":20}},"13":{"start":{"line":30,"column":8},"end":{"line":30,"column":72}},"14":{"start":{"line":33,"column":6},"end":{"line":35,"column":7}},"15":{"start":{"line":33,"column":19},"end":{"line":33,"column":20}},"16":{"start":{"line":34,"column":8},"end":{"line":34,"column":72}},"17":{"start":{"line":37,"column":4},"end":{"line":37,"column":37}},"18":{"start":{"line":41,"column":4},"end":{"line":49,"column":5}},"19":{"start":{"line":42,"column":6},"end":{"line":44,"column":7}},"20":{"start":{"line":42,"column":19},"end":{"line":42,"column":20}},"21":{"start":{"line":43,"column":8},"end":{"line":43,"column":69}},"22":{"start":{"line":46,"column":6},"end":{"line":48,"column":7}},"23":{"start":{"line":46,"column":19},"end":{"line":46,"column":20}},"24":{"start":{"line":47,"column":8},"end":{"line":47,"column":69}},"25":{"start":{"line":53,"column":17},"end":{"line":53,"column":53}},"26":{"start":{"line":54,"column":4},"end":{"line":54,"column":36}},"27":{"start":{"line":55,"column":4},"end":{"line":55,"column":18}},"28":{"start":{"line":56,"column":4},"end":{"line":56,"column":35}},"29":{"start":{"line":60,"column":4},"end":{"line":63,"column":5}},"30":{"start":{"line":61,"column":6},"end":{"line":61,"column":52}},"31":{"start":{"line":62,"column":6},"end":{"line":62,"column":19}},"32":{"start":{"line":64,"column":4},"end":{"line":64,"column":55}},"33":{"start":{"line":66,"column":4},"end":{"line":68,"column":5}},"34":{"start":{"line":67,"column":6},"end":{"line":67,"column":73}},"35":{"start":{"line":70,"column":4},"end":{"line":70,"column":16}},"36":{"start":{"line":74,"column":17},"end":{"line":74,"column":53}},"37":{"start":{"line":75,"column":28},"end":{"line":75,"column":30}},"38":{"start":{"line":76,"column":4},"end":{"line":95,"column":5}},"39":{"start":{"line":76,"column":17},"end":{"line":76,"column":18}},"40":{"start":{"line":77,"column":6},"end":{"line":90,"column":7}},"41":{"start":{"line":78,"column":8},"end":{"line":78,"column":30}},"42":{"start":{"line":79,"column":8},"end":{"line":82,"column":11}},"43":{"start":{"line":83,"column":8},"end":{"line":83,"column":34}},"44":{"start":{"line":84,"column":8},"end":{"line":84,"column":39}},"45":{"start":{"line":85,"column":13},"end":{"line":90,"column":7}},"46":{"start":{"line":86,"column":8},"end":{"line":89,"column":11}},"47":{"start":{"line":91,"column":6},"end":{"line":93,"column":7}},"48":{"start":{"line":91,"column":19},"end":{"line":91,"column":20}},"49":{"start":{"line":92,"column":8},"end":{"line":92,"column":52}},"50":{"start":{"line":94,"column":6},"end":{"line":94,"column":37}},"51":{"start":{"line":99,"column":26},"end":{"line":99,"column":28}},"52":{"start":{"line":100,"column":26},"end":{"line":100,"column":28}},"53":{"start":{"line":101,"column":26},"end":{"line":101,"column":28}},"54":{"start":{"line":102,"column":4},"end":{"line":120,"column":5}},"55":{"start":{"line":102,"column":17},"end":{"line":102,"column":19}},"56":{"start":{"line":103,"column":6},"end":{"line":119,"column":7}},"57":{"start":{"line":103,"column":19},"end":{"line":103,"column":21}},"58":{"start":{"line":104,"column":8},"end":{"line":118,"column":9}},"59":{"start":{"line":111,"column":10},"end":{"line":117,"column":11}},"60":{"start":{"line":112,"column":12},"end":{"line":112,"column":67}},"61":{"start":{"line":113,"column":17},"end":{"line":117,"column":11}},"62":{"start":{"line":114,"column":12},"end":{"line":114,"column":67}},"63":{"start":{"line":116,"column":12},"end":{"line":116,"column":67}},"64":{"start":{"line":121,"column":4},"end":{"line":121,"column":63}},"65":{"start":{"line":122,"column":4},"end":{"line":122,"column":57}}},"fnMap":{"0":{"name":"(anonymous_0)","decl":{"start":{"line":4,"column":2},"end":{"line":4,"column":3}},"loc":{"start":{"line":4,"column":16},"end":{"line":10,"column":3}},"line":4},"1":{"name":"(anonymous_1)","decl":{"start":{"line":12,"column":2},"end":{"line":12,"column":3}},"loc":{"start":{"line":12,"column":15},"end":{"line":14,"column":3}},"line":12},"2":{"name":"(anonymous_2)","decl":{"start":{"line":13,"column":31},"end":{"line":13,"column":32}},"loc":{"start":{"line":13,"column":40},"end":{"line":13,"column":53}},"line":13},"3":{"name":"(anonymous_3)","decl":{"start":{"line":16,"column":2},"end":{"line":16,"column":3}},"loc":{"start":{"line":16,"column":13},"end":{"line":18,"column":3}},"line":16},"4":{"name":"(anonymous_4)","decl":{"start":{"line":20,"column":2},"end":{"line":20,"column":3}},"loc":{"start":{"line":20,"column":36},"end":{"line":38,"column":3}},"line":20},"5":{"name":"(anonymous_5)","decl":{"start":{"line":40,"column":2},"end":{"line":40,"column":3}},"loc":{"start":{"line":40,"column":37},"end":{"line":50,"column":3}},"line":40},"6":{"name":"(anonymous_6)","decl":{"start":{"line":52,"column":2},"end":{"line":52,"column":3}},"loc":{"start":{"line":52,"column":23},"end":{"line":57,"column":3}},"line":52},"7":{"name":"(anonymous_7)","decl":{"start":{"line":59,"column":2},"end":{"line":59,"column":3}},"loc":{"start":{"line":59,"column":26},"end":{"line":71,"column":3}},"line":59},"8":{"name":"(anonymous_8)","decl":{"start":{"line":73,"column":2},"end":{"line":73,"column":3}},"loc":{"start":{"line":73,"column":27},"end":{"line":96,"column":3}},"line":73},"9":{"name":"(anonymous_9)","decl":{"start":{"line":98,"column":2},"end":{"line":98,"column":3}},"loc":{"start":{"line":98,"column":34},"end":{"line":123,"column":3}},"line":98}},"branchMap":{"0":{"loc":{"start":{"line":21,"column":4},"end":{"line":26,"column":5}},"type":"if","locations":[{"start":{"line":21,"column":4},"end":{"line":26,"column":5}},{"start":{},"end":{}}],"line":21},"1":{"loc":{"start":{"line":22,"column":6},"end":{"line":23,"column":51}},"type":"binary-expr","locations":[{"start":{"line":22,"column":6},"end":{"line":22,"column":51}},{"start":{"line":23,"column":6},"end":{"line":23,"column":51}}],"line":22},"2":{"loc":{"start":{"line":28,"column":4},"end":{"line":36,"column":5}},"type":"if","locations":[{"start":{"line":28,"column":4},"end":{"line":36,"column":5}},{"start":{"line":32,"column":11},"end":{"line":36,"column":5}}],"line":28},"3":{"loc":{"start":{"line":41,"column":4},"end":{"line":49,"column":5}},"type":"if","locations":[{"start":{"line":41,"column":4},"end":{"line":49,"column":5}},{"start":{"line":45,"column":11},"end":{"line":49,"column":5}}],"line":41},"4":{"loc":{"start":{"line":60,"column":4},"end":{"line":63,"column":5}},"type":"if","locations":[{"start":{"line":60,"column":4},"end":{"line":63,"column":5}},{"start":{},"end":{}}],"line":60},"5":{"loc":{"start":{"line":66,"column":4},"end":{"line":68,"column":5}},"type":"if","locations":[{"start":{"line":66,"column":4},"end":{"line":68,"column":5}},{"start":{},"end":{}}],"line":66},"6":{"loc":{"start":{"line":77,"column":6},"end":{"line":90,"column":7}},"type":"if","locations":[{"start":{"line":77,"column":6},"end":{"line":90,"column":7}},{"start":{"line":85,"column":13},"end":{"line":90,"column":7}}],"line":77},"7":{"loc":{"start":{"line":85,"column":13},"end":{"line":90,"column":7}},"type":"if","locations":[{"start":{"line":85,"column":13},"end":{"line":90,"column":7}},{"start":{},"end":{}}],"line":85},"8":{"loc":{"start":{"line":104,"column":8},"end":{"line":118,"column":9}},"type":"if","locations":[{"start":{"line":104,"column":8},"end":{"line":118,"column":9}},{"start":{},"end":{}}],"line":104},"9":{"loc":{"start":{"line":105,"column":10},"end":{"line":109,"column":31}},"type":"binary-expr","locations":[{"start":{"line":105,"column":10},"end":{"line":105,"column":30}},{"start":{"line":106,"column":10},"end":{"line":106,"column":37}},{"start":{"line":107,"column":10},"end":{"line":107,"column":30}},{"start":{"line":108,"column":10},"end":{"line":108,"column":37}},{"start":{"line":109,"column":10},"end":{"line":109,"column":31}}],"line":105},"10":{"loc":{"start":{"line":109,"column":12},"end":{"line":109,"column":30}},"type":"binary-expr","locations":[{"start":{"line":109,"column":12},"end":{"line":109,"column":19}},{"start":{"line":109,"column":23},"end":{"line":109,"column":30}}],"line":109},"11":{"loc":{"start":{"line":111,"column":10},"end":{"line":117,"column":11}},"type":"if","locations":[{"start":{"line":111,"column":10},"end":{"line":117,"column":11}},{"start":{"line":113,"column":17},"end":{"line":117,"column":11}}],"line":111},"12":{"loc":{"start":{"line":113,"column":17},"end":{"line":117,"column":11}},"type":"if","locations":[{"start":{"line":113,"column":17},"end":{"line":117,"column":11}},{"start":{"line":115,"column":17},"end":{"line":117,"column":11}}],"line":113}},"s":{"0":6,"1":6,"2":6,"3":6,"4":60,"5":0,"6":0,"7":11,"8":7,"9":0,"10":7,"11":5,"12":5,"13":18,"14":2,"15":2,"16":6,"17":7,"18":2,"19":2,"20":2,"21":6,"22":0,"23":0,"24":0,"25":2,"26":2,"27":2,"28":2,"29":38,"30":26,"31":26,"32":12,"33":12,"34":3,"35":12,"36":3,"37":3,"38":3,"39":3,"40":12,"41":8,"42":8,"43":8,"44":8,"45":4,"46":4,"47":12,"48":12,"49":26,"50":12,"51":12,"52":12,"53":12,"54":12,"55":12,"56":36,"57":36,"58":108,"59":68,"60":26,"61":42,"62":24,"63":18,"64":12,"65":12},"f":{"0":6,"1":0,"2":0,"3":11,"4":7,"5":2,"6":2,"7":38,"8":3,"9":12},"b":{"0":[0,7],"1":[7,7],"2":[5,2],"3":[2,0],"4":[26,12],"5":[3,9],"6":[8,4],"7":[4,0],"8":[68,40],"9":[108,84,84,80,80],"10":[80,34],"11":[26,42],"12":[24,18]},"_coverageSchema":"1a1c01bbd47fc00a2c39e90264f33305004495a9","hash":"38b01ebaedff2c46cc60c010953525ffb96d515d"}
,"C:\\Users\\Никитина Юлия\\Documents\\VScode\\battleship\\src\\ship.js": {"path":"C:\\Users\\Никитина Юлия\\Documents\\VScode\\battleship\\src\\ship.js","statementMap":{"0":{"start":{"line":3,"column":22},"end":{"line":3,"column":23}},"1":{"start":{"line":4,"column":22},"end":{"line":4,"column":23}},"2":{"start":{"line":5,"column":4},"end":{"line":7,"column":5}},"3":{"start":{"line":6,"column":6},"end":{"line":6,"column":78}},"4":{"start":{"line":8,"column":4},"end":{"line":8,"column":22}},"5":{"start":{"line":9,"column":4},"end":{"line":9,"column":25}},"6":{"start":{"line":10,"column":4},"end":{"line":10,"column":19}},"7":{"start":{"line":11,"column":4},"end":{"line":11,"column":23}},"8":{"start":{"line":12,"column":4},"end":{"line":12,"column":37}},"9":{"start":{"line":13,"column":4},"end":{"line":13,"column":36}},"10":{"start":{"line":14,"column":4},"end":{"line":14,"column":23}},"11":{"start":{"line":18,"column":4},"end":{"line":18,"column":42}},"12":{"start":{"line":22,"column":4},"end":{"line":22,"column":23}},"13":{"start":{"line":26,"column":4},"end":{"line":26,"column":28}},"14":{"start":{"line":30,"column":4},"end":{"line":35,"column":5}},"15":{"start":{"line":31,"column":6},"end":{"line":31,"column":31}},"16":{"start":{"line":32,"column":6},"end":{"line":32,"column":23}},"17":{"start":{"line":34,"column":6},"end":{"line":34,"column":60}},"18":{"start":{"line":37,"column":4},"end":{"line":39,"column":5}},"19":{"start":{"line":38,"column":6},"end":{"line":38,"column":23}},"20":{"start":{"line":43,"column":4},"end":{"line":47,"column":5}},"21":{"start":{"line":44,"column":6},"end":{"line":44,"column":36}},"22":{"start":{"line":46,"column":6},"end":{"line":46,"column":38}},"23":{"start":{"line":48,"column":4},"end":{"line":48,"column":50}},"24":{"start":{"line":52,"column":4},"end":{"line":52,"column":21}}},"fnMap":{"0":{"name":"(anonymous_0)","decl":{"start":{"line":2,"column":2},"end":{"line":2,"column":3}},"loc":{"start":{"line":2,"column":22},"end":{"line":15,"column":3}},"line":2},"1":{"name":"(anonymous_1)","decl":{"start":{"line":17,"column":2},"end":{"line":17,"column":3}},"loc":{"start":{"line":17,"column":14},"end":{"line":19,"column":3}},"line":17},"2":{"name":"(anonymous_2)","decl":{"start":{"line":21,"column":2},"end":{"line":21,"column":3}},"loc":{"start":{"line":21,"column":14},"end":{"line":23,"column":3}},"line":21},"3":{"name":"(anonymous_3)","decl":{"start":{"line":25,"column":2},"end":{"line":25,"column":3}},"loc":{"start":{"line":25,"column":19},"end":{"line":27,"column":3}},"line":25},"4":{"name":"(anonymous_4)","decl":{"start":{"line":29,"column":2},"end":{"line":29,"column":3}},"loc":{"start":{"line":29,"column":16},"end":{"line":40,"column":3}},"line":29},"5":{"name":"(anonymous_5)","decl":{"start":{"line":42,"column":2},"end":{"line":42,"column":3}},"loc":{"start":{"line":42,"column":11},"end":{"line":49,"column":3}},"line":42},"6":{"name":"(anonymous_6)","decl":{"start":{"line":51,"column":2},"end":{"line":51,"column":3}},"loc":{"start":{"line":51,"column":11},"end":{"line":53,"column":3}},"line":51}},"branchMap":{"0":{"loc":{"start":{"line":5,"column":4},"end":{"line":7,"column":5}},"type":"if","locations":[{"start":{"line":5,"column":4},"end":{"line":7,"column":5}},{"start":{},"end":{}}],"line":5},"1":{"loc":{"start":{"line":5,"column":8},"end":{"line":5,"column":48}},"type":"binary-expr","locations":[{"start":{"line":5,"column":8},"end":{"line":5,"column":26}},{"start":{"line":5,"column":30},"end":{"line":5,"column":48}}],"line":5},"2":{"loc":{"start":{"line":30,"column":4},"end":{"line":35,"column":5}},"type":"if","locations":[{"start":{"line":30,"column":4},"end":{"line":35,"column":5}},{"start":{"line":33,"column":11},"end":{"line":35,"column":5}}],"line":30},"3":{"loc":{"start":{"line":37,"column":4},"end":{"line":39,"column":5}},"type":"if","locations":[{"start":{"line":37,"column":4},"end":{"line":39,"column":5}},{"start":{},"end":{}}],"line":37},"4":{"loc":{"start":{"line":43,"column":4},"end":{"line":47,"column":5}},"type":"if","locations":[{"start":{"line":43,"column":4},"end":{"line":47,"column":5}},{"start":{"line":45,"column":11},"end":{"line":47,"column":5}}],"line":43}},"s":{"0":10,"1":10,"2":10,"3":0,"4":10,"5":10,"6":10,"7":10,"8":10,"9":10,"10":10,"11":2,"12":0,"13":0,"14":15,"15":15,"16":15,"17":0,"18":15,"19":5,"20":2,"21":2,"22":0,"23":2,"24":16},"f":{"0":10,"1":2,"2":0,"3":0,"4":15,"5":2,"6":16},"b":{"0":[0,10],"1":[10,10],"2":[15,0],"3":[5,10],"4":[2,0]},"_coverageSchema":"1a1c01bbd47fc00a2c39e90264f33305004495a9","hash":"5ee7fa19ee0663f39bedb8f458cb7d796495ca51"}
}
