TN:
SF:src\gameboard.js
FN:4,(anonymous_0)
FN:12,(anonymous_1)
FN:16,(anonymous_2)
FN:48,(anonymous_3)
FN:60,(anonymous_4)
FN:68,(anonymous_5)
FN:82,(anonymous_6)
FN:103,(anonymous_7)
FN:129,(anonymous_8)
FNF:9
FNH:9
FNDA:9,(anonymous_0)
FNDA:11,(anonymous_1)
FNDA:11,(anonymous_2)
FNDA:2,(anonymous_3)
FNDA:2,(anonymous_4)
FNDA:54,(anonymous_5)
FNDA:5,(anonymous_6)
FNDA:51,(anonymous_7)
FNDA:2,(anonymous_8)
DA:5,9
DA:6,9
DA:7,9
DA:8,90
DA:13,11
DA:17,11
DA:19,11
DA:23,0
DA:26,11
DA:28,34
DA:29,34
DA:30,1
DA:34,10
DA:35,8
DA:36,27
DA:39,2
DA:40,6
DA:43,10
DA:44,10
DA:45,10
DA:49,2
DA:50,2
DA:51,6
DA:54,0
DA:55,0
DA:62,2
DA:63,2
DA:64,2
DA:65,2
DA:69,54
DA:70,37
DA:71,37
DA:73,17
DA:75,17
DA:76,5
DA:79,17
DA:83,5
DA:84,5
DA:85,5
DA:86,17
DA:87,13
DA:91,4
DA:92,4
DA:97,17
DA:98,37
DA:104,51
DA:105,51
DA:106,51
DA:107,51
DA:108,153
DA:109,459
DA:116,237
DA:117,181
DA:118,56
DA:119,30
DA:121,26
DA:127,51
DA:130,2
DA:131,11
DA:132,101
DA:133,1
DA:137,1
LF:62
LH:59
BRDA:19,0,0,0
BRDA:19,0,1,11
BRDA:20,1,0,11
BRDA:20,1,1,11
BRDA:29,2,0,1
BRDA:29,2,1,33
BRDA:34,3,0,8
BRDA:34,3,1,2
BRDA:49,4,0,2
BRDA:49,4,1,0
BRDA:69,5,0,37
BRDA:69,5,1,17
BRDA:75,6,0,5
BRDA:75,6,1,12
BRDA:86,7,0,13
BRDA:86,7,1,4
BRDA:91,8,0,4
BRDA:91,8,1,0
BRDA:109,9,0,237
BRDA:109,9,1,222
BRDA:110,10,0,459
BRDA:110,10,1,351
BRDA:110,10,2,351
BRDA:110,10,3,288
BRDA:110,10,4,288
BRDA:114,11,0,288
BRDA:114,11,1,123
BRDA:116,12,0,181
BRDA:116,12,1,56
BRDA:118,13,0,30
BRDA:118,13,1,26
BRDA:132,14,0,1
BRDA:132,14,1,100
BRDA:132,15,0,101
BRDA:132,15,1,6
BRF:35
BRH:32
end_of_record
TN:
SF:src\ship.js
FN:2,(anonymous_0)
FN:17,(anonymous_1)
FN:21,(anonymous_2)
FN:25,(anonymous_3)
FN:29,(anonymous_4)
FN:42,(anonymous_5)
FN:50,(anonymous_6)
FNF:7
FNH:5
FNDA:14,(anonymous_0)
FNDA:2,(anonymous_1)
FNDA:0,(anonymous_2)
FNDA:0,(anonymous_3)
FNDA:20,(anonymous_4)
FNDA:2,(anonymous_5)
FNDA:27,(anonymous_6)
DA:3,14
DA:4,14
DA:5,14
DA:6,0
DA:8,14
DA:9,14
DA:10,14
DA:11,14
DA:12,14
DA:13,14
DA:14,14
DA:18,2
DA:22,0
DA:26,0
DA:30,20
DA:31,20
DA:32,20
DA:34,0
DA:37,20
DA:38,7
DA:43,2
DA:44,2
DA:46,0
DA:51,27
LF:24
LH:19
BRDA:5,0,0,0
BRDA:5,0,1,14
BRDA:5,1,0,14
BRDA:5,1,1,14
BRDA:30,2,0,20
BRDA:30,2,1,0
BRDA:37,3,0,7
BRDA:37,3,1,13
BRDA:43,4,0,2
BRDA:43,4,1,0
BRF:10
BRH:7
end_of_record
