TN:
SF:src\gameboard.js
FN:4,(anonymous_0)
FN:11,(anonymous_1)
FN:19,(anonymous_2)
FN:21,(anonymous_3)
FN:24,(anonymous_4)
FN:31,(anonymous_5)
FN:34,(anonymous_6)
FN:37,(anonymous_7)
FN:66,(anonymous_8)
FN:87,(anonymous_9)
FN:94,(anonymous_10)
FN:103,(anonymous_11)
FN:115,(anonymous_12)
FN:122,(anonymous_13)
FN:139,(anonymous_14)
FN:160,(anonymous_15)
FN:186,(anonymous_16)
FN:197,(anonymous_17)
FNF:18
FNH:17
FNDA:20,(anonymous_0)
FNDA:27,(anonymous_1)
FNDA:30,(anonymous_2)
FNDA:225,(anonymous_3)
FNDA:30,(anonymous_4)
FNDA:6,(anonymous_5)
FNDA:0,(anonymous_6)
FNDA:45,(anonymous_7)
FNDA:77,(anonymous_8)
FNDA:122,(anonymous_9)
FNDA:18,(anonymous_10)
FNDA:1,(anonymous_11)
FNDA:1,(anonymous_12)
FNDA:28,(anonymous_13)
FNDA:3,(anonymous_14)
FNDA:131,(anonymous_15)
FNDA:2,(anonymous_16)
FNDA:1,(anonymous_17)
DA:5,20
DA:6,20
DA:7,20
DA:8,200
DA:13,27
DA:14,30
DA:16,27
DA:20,30
DA:21,225
DA:25,30
DA:29,30
DA:32,6
DA:35,0
DA:40,45
DA:41,45
DA:42,18
DA:44,27
DA:46,22
DA:47,1
DA:49,21
DA:50,61
DA:55,5
DA:56,0
DA:58,5
DA:59,14
DA:65,26
DA:66,26
DA:67,77
DA:70,26
DA:71,0
DA:72,0
DA:74,26
DA:75,21
DA:76,61
DA:78,5
DA:79,5
DA:80,14
DA:84,26
DA:85,26
DA:88,122
DA:90,122
DA:92,122
DA:94,18
DA:97,18
DA:99,104
DA:104,1
DA:105,1
DA:106,2
DA:109,0
DA:110,0
DA:116,1
DA:117,1
DA:118,1
DA:119,1
DA:123,28
DA:124,0
DA:126,28
DA:127,18
DA:128,18
DA:130,10
DA:132,10
DA:133,3
DA:136,10
DA:140,3
DA:141,3
DA:142,3
DA:143,9
DA:144,9
DA:148,0
DA:149,0
DA:154,9
DA:155,17
DA:161,131
DA:162,131
DA:163,131
DA:164,131
DA:165,393
DA:166,1179
DA:173,678
DA:174,627
DA:175,51
DA:176,12
DA:178,39
DA:184,131
DA:187,2
DA:188,11
DA:189,101
DA:190,1
DA:194,1
DA:198,1
DA:199,1
DA:200,10
DA:201,100
DA:202,20
DA:206,1
DA:207,1
DA:209,0
DA:210,0
LF:98
LH:87
BRDA:4,0,0,20
BRDA:11,1,0,0
BRDA:21,2,0,225
BRDA:21,2,1,21
BRDA:41,3,0,18
BRDA:41,3,1,27
BRDA:44,4,0,22
BRDA:44,4,1,5
BRDA:46,5,0,1
BRDA:46,5,1,21
BRDA:55,6,0,0
BRDA:55,6,1,5
BRDA:70,7,0,0
BRDA:70,7,1,26
BRDA:74,8,0,21
BRDA:74,8,1,5
BRDA:78,9,0,5
BRDA:78,9,1,0
BRDA:92,10,0,18
BRDA:92,10,1,104
BRDA:104,11,0,1
BRDA:104,11,1,0
BRDA:123,12,0,0
BRDA:123,12,1,28
BRDA:126,13,0,18
BRDA:126,13,1,10
BRDA:132,14,0,3
BRDA:132,14,1,7
BRDA:143,15,0,9
BRDA:143,15,1,0
BRDA:148,16,0,0
BRDA:148,16,1,0
BRDA:166,17,0,678
BRDA:166,17,1,501
BRDA:167,18,0,1179
BRDA:167,18,1,951
BRDA:167,18,2,903
BRDA:167,18,3,825
BRDA:167,18,4,809
BRDA:171,19,0,809
BRDA:171,19,1,351
BRDA:173,20,0,627
BRDA:173,20,1,51
BRDA:175,21,0,12
BRDA:175,21,1,39
BRDA:189,22,0,1
BRDA:189,22,1,100
BRDA:189,23,0,101
BRDA:189,23,1,6
BRDA:201,24,0,20
BRDA:201,24,1,80
BRDA:206,25,0,1
BRDA:206,25,1,0
BRF:53
BRH:43
end_of_record
TN:
SF:src\gamelogic.js
FN:7,(anonymous_0)
FN:13,(anonymous_1)
FN:41,(anonymous_2)
FN:45,(anonymous_3)
FN:48,(anonymous_4)
FN:51,(anonymous_5)
FN:64,(anonymous_6)
FN:67,(anonymous_7)
FN:78,(anonymous_8)
FN:82,(anonymous_9)
FN:106,(anonymous_10)
FN:116,(anonymous_11)
FN:120,(anonymous_12)
FNF:13
FNH:3
FNDA:2,(anonymous_0)
FNDA:1,(anonymous_1)
FNDA:0,(anonymous_2)
FNDA:1,(anonymous_3)
FNDA:0,(anonymous_4)
FNDA:0,(anonymous_5)
FNDA:0,(anonymous_6)
FNDA:0,(anonymous_7)
FNDA:0,(anonymous_8)
FNDA:0,(anonymous_9)
FNDA:0,(anonymous_10)
FNDA:0,(anonymous_11)
FNDA:0,(anonymous_12)
DA:8,2
DA:9,2
DA:11,2
DA:14,1
DA:15,1
DA:16,1
DA:17,1
DA:18,1
DA:19,10
DA:20,10
DA:21,10
DA:22,27
DA:24,27
DA:25,10
DA:26,10
DA:27,10
DA:29,17
DA:30,17
DA:31,17
DA:32,17
DA:33,17
DA:34,17
DA:39,1
DA:42,0
DA:46,1
DA:49,0
DA:52,0
DA:53,0
DA:55,0
DA:56,0
DA:57,0
DA:58,0
DA:60,0
DA:65,0
DA:68,0
DA:69,0
DA:70,0
DA:71,0
DA:72,0
DA:73,0
DA:75,0
DA:79,0
DA:80,0
DA:83,0
DA:84,0
DA:85,0
DA:86,0
DA:87,0
DA:90,0
DA:92,0
DA:93,0
DA:95,0
DA:96,0
DA:97,0
DA:101,0
DA:107,0
DA:108,0
DA:109,0
DA:110,0
DA:111,0
DA:113,0
DA:117,0
DA:118,0
LF:63
LH:24
BRDA:21,0,0,37
BRDA:21,0,1,27
BRDA:24,1,0,10
BRDA:24,1,1,17
BRDA:65,2,0,0
BRDA:65,2,1,0
BRDA:68,3,0,0
BRDA:68,3,1,0
BRDA:71,4,0,0
BRDA:71,4,1,0
BRDA:86,5,0,0
BRDA:86,5,1,0
BRDA:90,6,0,0
BRDA:90,6,1,0
BRDA:95,7,0,0
BRDA:95,7,1,0
BRDA:109,8,0,0
BRDA:109,8,1,0
BRF:18
BRH:4
end_of_record
TN:
SF:src\player.js
FN:4,(anonymous_0)
FN:12,(anonymous_1)
FN:15,(anonymous_2)
FN:20,(anonymous_3)
FN:24,(anonymous_4)
FN:27,(anonymous_5)
FN:30,(anonymous_6)
FN:45,(anonymous_7)
FN:48,(anonymous_8)
FNF:9
FNH:5
FNDA:6,(anonymous_0)
FNDA:55,(anonymous_1)
FNDA:0,(anonymous_2)
FNDA:0,(anonymous_3)
FNDA:0,(anonymous_4)
FNDA:12,(anonymous_5)
FNDA:2,(anonymous_6)
FNDA:1,(anonymous_7)
FNDA:0,(anonymous_8)
DA:5,6
DA:6,6
DA:7,6
DA:8,6
DA:9,6
DA:13,55
DA:16,0
DA:21,0
DA:25,0
DA:28,12
DA:31,2
DA:32,2
DA:33,2
DA:34,2
DA:35,2
DA:36,2
DA:37,2
DA:38,2
DA:39,2
DA:40,2
DA:42,2
DA:46,1
DA:49,0
LF:23
LH:19
BRDA:28,0,0,6
BRDA:28,0,1,6
BRF:2
BRH:2
end_of_record
TN:
SF:src\ship.js
FN:2,(anonymous_0)
FN:17,(anonymous_1)
FN:21,(anonymous_2)
FN:25,(anonymous_3)
FN:28,(anonymous_4)
FN:31,(anonymous_5)
FN:50,(anonymous_6)
FN:58,(anonymous_7)
FNF:8
FNH:5
FNDA:42,(anonymous_0)
FNDA:3,(anonymous_1)
FNDA:0,(anonymous_2)
FNDA:0,(anonymous_3)
FNDA:0,(anonymous_4)
FNDA:13,(anonymous_5)
FNDA:1,(anonymous_6)
FNDA:19,(anonymous_7)
DA:3,42
DA:4,42
DA:5,42
DA:6,0
DA:8,42
DA:9,42
DA:10,42
DA:11,42
DA:12,42
DA:13,42
DA:14,42
DA:18,3
DA:22,0
DA:26,0
DA:29,0
DA:32,13
DA:33,12
DA:34,0
DA:38,13
DA:39,13
DA:40,13
DA:42,0
DA:45,13
DA:46,5
DA:51,1
DA:52,1
DA:54,0
DA:59,19
LF:28
LH:21
BRDA:2,0,0,30
BRDA:5,1,0,0
BRDA:5,1,1,42
BRDA:5,2,0,42
BRDA:5,2,1,42
BRDA:33,3,0,0
BRDA:33,3,1,12
BRDA:33,4,0,12
BRDA:33,4,1,12
BRDA:38,5,0,13
BRDA:38,5,1,0
BRDA:45,6,0,5
BRDA:45,6,1,8
BRDA:51,7,0,1
BRDA:51,7,1,0
BRF:15
BRH:11
end_of_record
